<?xml version="1.0" encoding="UTF-8" standalone="no"?>
<testsuite errors="0" failures="0" name="io.cucumber.core.plugin.JUnitFormatter" skipped="0" tests="1" time="19.43">
    <testcase classname="Trendyol UI Test" name="Add Product to Favorite" time="18.96">
        <system-out><![CDATA[Given Start Driver and Browser..............................................passed
When Navigate to Trendyol...................................................passed
And Click Login Area........................................................passed
Then Verify Login Page......................................................passed
When Enter Validation Criterias.............................................passed
And Click Login Button......................................................passed
Then Verify Logined.........................................................passed
When Search Product.........................................................passed
And Verify Searched Page....................................................passed
And Verify Products Counts..................................................passed
And Click Product...........................................................passed
Then Verify Product Page....................................................passed
When Add Product to Favorite................................................passed
And Enter Favorite Page.....................................................passed
Then Verify Favorite Page...................................................passed
When Check Added Product....................................................passed
And Remove Favorite Product.................................................passed
And Check Removed Product...................................................passed
And Logout..................................................................passed
Then Verify Logout..........................................................passed
]]></system-out>
    </testcase>
</testsuite>
